<?xml version="1.0" encoding="UTF-8"?>
<testsuite xmlns:xsi="http://www.w3.org/2001/XMLSchema-instance" xsi:noNamespaceSchemaLocation="https://maven.apache.org/surefire/maven-surefire-plugin/xsd/surefire-test-report.xsd" name="uaslp.objetos.list.linkedlist.LinkedListTest" time="0.012" tests="19" errors="0" skipped="0" failures="0">
  <properties>
[...]
</properties>
  <testcase name="givenAListWithTwoElements_whenRemove_thenSizeIsOne" classname="uaslp.objetos.list.linkedlist.LinkedListTest" time="0"/>
  <testcase name="givenAListWithThreeElements_whenRemove_thenSizeIsZero" classname="uaslp.objetos.list.linkedlist.LinkedListTest" time="0"/>
  <testcase name="givenAListWithThreeElements_whenRemove_thenSizeIsTwo" classname="uaslp.objetos.list.linkedlist.LinkedListTest" time="0"/>
  <testcase name="givenAListWithTwoElements_whenRemoveIndex1_thenSizeIsOne" classname="uaslp.objetos.list.linkedlist.LinkedListTest" time="0"/>
  <testcase name="givenAListWithTwoElements_whenRemoveIndex3_thenNotValidIndexExceptionIsThrown" classname="uaslp.objetos.list.linkedlist.LinkedListTest" time="0"/>
  <testcase name="givenAListWithTwoElements_whenAddAtFrontNullValue_thenNotNullValuesAllowedException" classname="uaslp.objetos.list.linkedlist.LinkedListTest" time="0"/>
  <testcase name="givenAListWithTwoElements_whenSetAtNullValue_thenNotNullValuesAllowedException" classname="uaslp.objetos.list.linkedlist.LinkedListTest" time="0"/>
  <testcase name="givenAListWithTwoElements_whenSetAt_thenElementsIsModified" classname="uaslp.objetos.list.linkedlist.LinkedListTest" time="0.001"/>
  <testcase name="givenANewList_whenGetAt_thenExceptionIsThrown" classname="uaslp.objetos.list.linkedlist.LinkedListTest" time="0"/>
  <testcase name="givenListWithASingleElement_whenAddAtFrontAnElement_thenResultIsOne" classname="uaslp.objetos.list.linkedlist.LinkedListTest" time="0.001"/>
  <testcase name="givenAListWithThreeElements_whenRemoveElementAtTail_thenSizeIsTwo" classname="uaslp.objetos.list.linkedlist.LinkedListTest" time="0"/>
  <testcase name="givenAListWithTwoElements_whenSetAtIndex3_thenNotValidIndexExceptionIsThrown" classname="uaslp.objetos.list.linkedlist.LinkedListTest" time="0"/>
  <testcase name="givenAListWithTwoElements_whenAddAtTailNullValue_thenNotNullValuesAllowedException" classname="uaslp.objetos.list.linkedlist.LinkedListTest" time="0.001"/>
  <testcase name="givenAListWithThreeElements_whenGetIterator_thenIteratorWorksOverAllThreeElements" classname="uaslp.objetos.list.linkedlist.LinkedListTest" time="0.001"/>
  <testcase name="givenANewList_whenGetSize_thenResultIsZero" classname="uaslp.objetos.list.linkedlist.LinkedListTest" time="0.001"/>
  <testcase name="givenAListWithOneElement_whenRemove_thenSizeIsZero" classname="uaslp.objetos.list.linkedlist.LinkedListTest" time="0.001"/>
  <testcase name="givenAListWith1Element_whenAddAtFrontAnElement_thenResultIsTwo" classname="uaslp.objetos.list.linkedlist.LinkedListTest" time="0"/>
  <testcase name="givenListWithASingleElement_whenAddAtTailAnElement_thenResultIsOne" classname="uaslp.objetos.list.linkedlist.LinkedListTest" time="0.001"/>
  <testcase name="givenAListWith1Element_whenAddAtTailAnElement_thenResultIsTwo" classname="uaslp.objetos.list.linkedlist.LinkedListTest" time="0"/>
</testsuite>